<?xml version="1.0" encoding="UTF-8"?>
<!-- Generated by org.testng.reporters.JUnitXMLReporter -->
<testsuite ignored="0" hostname="DESKTOP-35BUF8N" failures="0" tests="1" name="Default test" time="0.092" errors="0" timestamp="2024-02-12T19:45:37 GMT-05:00">
  <testcase classname="Utills.AppUtills" name="@BeforeSuite launchApp" time="-1.707785137531E9">
    <failure type="org.testng.TestNGException" message="
Parameter &amp;apos;url&amp;apos; is required by BeforeSuite on method launchApp but has not been marked @Optional or defined
in C:\Users\HP\AppData\Local\Temp\testng-eclipse-1225727299\testng-customsuite.xml">
      <![CDATA[org.testng.TestNGException: 
Parameter 'url' is required by BeforeSuite on method launchApp but has not been marked @Optional or defined
in C:\Users\HP\AppData\Local\Temp\testng-eclipse-1225727299\testng-customsuite.xml
at org.testng.internal.Parameters.createParams(Parameters.java:267)
at org.testng.internal.Parameters.createParametersForMethod(Parameters.java:355)
at org.testng.internal.Parameters.createParameters(Parameters.java:684)
at org.testng.internal.Parameters.createConfigurationParameters(Parameters.java:166)
at org.testng.internal.invokers.ConfigInvoker.invokeConfigurations(ConfigInvoker.java:306)
at org.testng.SuiteRunner.privateRun(SuiteRunner.java:382)
at org.testng.SuiteRunner.run(SuiteRunner.java:336)
at org.testng.SuiteRunnerWorker.runSuite(SuiteRunnerWorker.java:52)
at org.testng.SuiteRunnerWorker.run(SuiteRunnerWorker.java:95)
at org.testng.TestNG.runSuitesSequentially(TestNG.java:1280)
at org.testng.TestNG.runSuitesLocally(TestNG.java:1200)
at org.testng.TestNG.runSuites(TestNG.java:1114)
at org.testng.TestNG.run(TestNG.java:1082)
at org.testng.remote.AbstractRemoteTestNG.run(AbstractRemoteTestNG.java:115)
at org.testng.remote.RemoteTestNG.initAndRun(RemoteTestNG.java:251)
at org.testng.remote.RemoteTestNG.main(RemoteTestNG.java:77)
]]>
    </failure>
  </testcase> <!-- @BeforeSuite launchApp -->
  <testcase classname="FlightsApp_Library.Login_Test" name="@BeforeTest loginApp" time="0.0">
    <skipped/>
  </testcase> <!-- @BeforeTest loginApp -->
  <testcase classname="FlightsApp_Library.Login_Test" name="@AfterTest logoutApp" time="0.0">
    <skipped/>
  </testcase> <!-- @AfterTest logoutApp -->
  <testcase classname="FlightsApp_Library.Login_Test" name="flightbook" time="0.0">
    <skipped/>
  </testcase> <!-- flightbook -->
</testsuite> <!-- Default test -->
